{"timestamp": "2026-06-30T05:31:54.162222+00:00", "action": "create", "subject": "tenant", "user": "anonymous", "details": {"tenant_id": "75cfed2f-2c3b-4765-9352-2e7265ca7806", "name": "Test Corp"}}
{"timestamp": "2026-06-30T05:31:54.210640+00:00", "action": "create", "subject": "tenant", "user": "anonymous", "details": {"tenant_id": "9ec09131-4518-4646-9269-ce5f23ad7bca", "name": "Test Corp"}}
{"timestamp": "2026-06-30T05:37:01.381879+00:00", "action": "create", "subject": "tenant", "user": "anonymous", "details": {"tenant_id": "fe7bb36b-4eef-49ba-abef-2b78f39bcbfb", "name": "Test Corp"}}
{"timestamp": "2026-06-30T05:37:01.431640+00:00", "action": "create", "subject": "tenant", "user": "anonymous", "details": {"tenant_id": "4871c7e0-487c-4f15-b71e-aea95234a7b1", "name": "Test Corp"}}
{"timestamp": "2026-06-30T05:37:01.560561+00:00", "action": "create", "subject": "tenant", "user": "anonymous", "details": {"tenant_id": "8df583f7-4edd-42fc-a8cd-be76dd2b9c01", "name": "Test Corp"}}
{"timestamp": "2026-06-30T05:37:01.631328+00:00", "action": "create", "subject": "tenant", "user": "anonymous", "details": {"tenant_id": "f72f236b-16cb-4194-8edb-4605b8ca4b38", "name": "Test Corp"}}
{"timestamp": "2026-06-30T05:37:01.673148+00:00", "action": "create", "subject": "tenant", "user": "anonymous", "details": {"tenant_id": "2b7dca9c-8674-46c3-9887-ca9f7c08f05e", "name": "Test Corp"}}
{"timestamp": "2026-06-30T05:39:06.175468+00:00", "action": "create", "subject": "tenant", "user": "anonymous", "details": {"tenant_id": "2c6fc3b4-6436-4335-ba27-a3b095510aa0", "name": "Test Corp"}}
{"timestamp": "2026-06-30T05:39:06.391468+00:00", "action": "create", "subject": "tenant", "user": "anonymous", "details": {"tenant_id": "31971961-d2d4-40ca-959f-604c7bca98f5", "name": "Test Corp"}}
{"timestamp": "2026-06-30T05:40:55.865622+00:00", "action": "create", "subject": "tenant", "user": {"subject": "anonymous", "role": "viewer"}, "details": {"tenant_id": "917ee067-8acb-48a8-8adf-2dd3e0950f01", "name": "Test Corp"}}
{"timestamp": "2026-06-30T05:40:55.915036+00:00", "action": "create", "subject": "tenant", "user": {"subject": "anonymous", "role": "viewer"}, "details": {"tenant_id": "6c14fdfa-3a9d-4092-8298-5a7bfa68a481", "name": "Test Corp"}}
{"timestamp": "2026-06-30T05:41:18.156913+00:00", "action": "create", "subject": "tenant", "user": {"subject": "anonymous", "role": "viewer"}, "details": {"tenant_id": "f0c562e4-c689-4462-b9f6-776526366b45", "name": "Test Corp"}}
{"timestamp": "2026-06-30T05:41:18.205501+00:00", "action": "create", "subject": "tenant", "user": {"subject": "anonymous", "role": "viewer"}, "details": {"tenant_id": "2921509a-ea12-4d5b-8ea7-f9a5b7923f21", "name": "Test Corp"}}
{"timestamp": "2026-06-30T05:41:18.265341+00:00", "action": "create", "subject": "tenant", "user": {"subject": "anonymous", "role": "viewer"}, "details": {"tenant_id": "99f5ddaf-7d40-40ee-8106-f5a3360a2431", "name": "Test Corp"}}
{"timestamp": "2026-06-30T05:41:18.310793+00:00", "action": "create", "subject": "tenant", "user": {"subject": "anonymous", "role": "viewer"}, "details": {"tenant_id": "7cd8484d-643a-4b99-af74-c722a83290b9", "name": "Test Corp"}}
{"timestamp": "2026-06-30T05:41:18.555638+00:00", "action": "create", "subject": "tenant", "user": {"subject": "anonymous", "role": "viewer"}, "details": {"tenant_id": "dd1ce849-96dd-4ab6-8928-231c9a3826e6", "name": "Test Corp"}}
{"timestamp": "2026-06-30T05:41:18.631000+00:00", "action": "create", "subject": "tenant", "user": {"subject": "anonymous", "role": "viewer"}, "details": {"tenant_id": "999292e4-7452-43ce-86bf-ae5dafcbd51d", "name": "Test Corp"}}
{"timestamp": "2026-06-30T05:41:18.677126+00:00", "action": "create", "subject": "tenant", "user": {"subject": "anonymous", "role": "viewer"}, "details": {"tenant_id": "607b41a4-1183-4041-875e-143ddac3e063", "name": "Test Corp"}}
{"timestamp": "2026-06-30T05:41:39.419676+00:00", "action": "create", "subject": "tenant", "user": {"subject": "test-actor", "role": "accountant"}, "details": {"tenant_id": "9a08882c-a035-413b-b49a-22fcb46d0f60", "name": "Test Corp"}}
{"timestamp": "2026-06-30T05:41:39.470927+00:00", "action": "create", "subject": "tenant", "user": {"subject": "test-actor", "role": "accountant"}, "details": {"tenant_id": "5d08115f-3f77-4f32-9aab-d339ad7b9f8c", "name": "Test Corp"}}
{"timestamp": "2026-06-30T05:41:39.533717+00:00", "action": "create", "subject": "tenant", "user": {"subject": "test-actor", "role": "accountant"}, "details": {"tenant_id": "2f386343-867b-4597-b0a1-c2e392a565c7", "name": "Test Corp"}}
{"timestamp": "2026-06-30T05:41:39.577335+00:00", "action": "create", "subject": "tenant", "user": {"subject": "test-actor", "role": "accountant"}, "details": {"tenant_id": "94134db1-ec8b-45b2-993e-6a190db773ed", "name": "Test Corp"}}
{"timestamp": "2026-06-30T05:41:39.688740+00:00", "action": "create", "subject": "tenant", "user": {"subject": "test-actor", "role": "accountant"}, "details": {"tenant_id": "1fef1658-0fbf-4278-91d8-b1183102feac", "name": "Test Corp"}}
{"timestamp": "2026-06-30T05:41:39.758954+00:00", "action": "create", "subject": "tenant", "user": {"subject": "test-actor", "role": "accountant"}, "details": {"tenant_id": "b968bafa-faf7-4331-bbcb-b6c4a155c477", "name": "Test Corp"}}
{"timestamp": "2026-06-30T05:41:39.800964+00:00", "action": "create", "subject": "tenant", "user": {"subject": "test-actor", "role": "accountant"}, "details": {"tenant_id": "a8f36847-c0fe-4bf6-8440-f1d03543815d", "name": "Test Corp"}}
